10:54:2431.088 [main] INFO  api.test.Usertests - ************ Creating user***********
10:54:2434.461 [main] INFO  api.test.Usertests - **************user is created**********
10:54:2434.475 [main] INFO  api.test.Usertests - ************ Reading user Info ***********
10:54:2435.940 [main] INFO  api.test.Usertests - ************ user info is displayed ***********
10:54:2435.950 [main] INFO  api.test.Usertests - ************ Updating the user***********
10:54:2437.466 [main] INFO  api.test.Usertests - ************ user  updated ***********
10:54:2439.012 [main] INFO  api.test.Usertests - ************Deleting user***********
10:54:2440.541 [main] INFO  api.test.Usertests - ************ user deleted***********
11:00:2446.890 [main] DEBUG api.test.Usertests - debugging..........
11:00:2446.904 [main] INFO  api.test.Usertests - ************ Creating user***********
11:00:2449.913 [main] INFO  api.test.Usertests - **************user is created**********
11:00:2449.931 [main] INFO  api.test.Usertests - ************ Reading user Info ***********
11:00:2451.230 [main] INFO  api.test.Usertests - ************ user info is displayed ***********
11:00:2451.242 [main] INFO  api.test.Usertests - ************ Updating the user***********
11:00:2452.457 [main] INFO  api.test.Usertests - ************ user  updated ***********
11:00:2453.992 [main] INFO  api.test.Usertests - ************Deleting user***********
11:00:2455.158 [main] INFO  api.test.Usertests - ************ user deleted***********
12:28:2426.333 [main] DEBUG api.test.Usertests2 - debugging..........
12:28:2426.349 [main] INFO  api.test.Usertests2 - ************ Creating user***********
12:28:2429.446 [main] INFO  api.test.Usertests2 - **************user is created**********
12:28:2429.465 [main] INFO  api.test.Usertests2 - ************ Reading user Info ***********
12:28:2430.835 [main] INFO  api.test.Usertests2 - ************ user info is displayed ***********
12:28:2430.847 [main] INFO  api.test.Usertests2 - ************ Updating the user***********
12:28:2432.437 [main] INFO  api.test.Usertests2 - ************ user  updated ***********
12:28:2433.874 [main] INFO  api.test.Usertests2 - ************Deleting user***********
12:28:2435.303 [main] INFO  api.test.Usertests2 - ************ user deleted***********
13:53:2455.181 [main] DEBUG org.apache.poi.openxml4j.opc.PackageRelationshipCollection - Parsing relationship: /xl/_rels/workbook.xml.rels
13:53:2455.188 [main] DEBUG org.apache.poi.openxml4j.opc.PackageRelationshipCollection - Parsing relationship: /xl/worksheets/_rels/sheet1.xml.rels
13:53:2455.189 [main] DEBUG org.apache.poi.openxml4j.opc.PackageRelationshipCollection - Parsing relationship: /_rels/.rels
13:53:2455.702 [main] DEBUG org.apache.poi.openxml4j.opc.PackageRelationshipCollection - Parsing relationship: /xl/_rels/workbook.xml.rels
13:53:2455.703 [main] DEBUG org.apache.poi.openxml4j.opc.PackageRelationshipCollection - Parsing relationship: /xl/worksheets/_rels/sheet1.xml.rels
13:53:2455.704 [main] DEBUG org.apache.poi.openxml4j.opc.PackageRelationshipCollection - Parsing relationship: /_rels/.rels
13:53:2455.726 [main] DEBUG org.apache.poi.openxml4j.opc.PackageRelationshipCollection - Parsing relationship: /xl/_rels/workbook.xml.rels
13:53:2455.726 [main] DEBUG org.apache.poi.openxml4j.opc.PackageRelationshipCollection - Parsing relationship: /xl/worksheets/_rels/sheet1.xml.rels
13:53:2455.728 [main] DEBUG org.apache.poi.openxml4j.opc.PackageRelationshipCollection - Parsing relationship: /_rels/.rels
13:53:2455.770 [main] DEBUG org.apache.poi.openxml4j.opc.PackageRelationshipCollection - Parsing relationship: /xl/_rels/workbook.xml.rels
13:53:2455.770 [main] DEBUG org.apache.poi.openxml4j.opc.PackageRelationshipCollection - Parsing relationship: /xl/worksheets/_rels/sheet1.xml.rels
13:53:2455.771 [main] DEBUG org.apache.poi.openxml4j.opc.PackageRelationshipCollection - Parsing relationship: /_rels/.rels
13:53:2455.795 [main] DEBUG org.apache.poi.openxml4j.opc.PackageRelationshipCollection - Parsing relationship: /xl/_rels/workbook.xml.rels
13:53:2455.796 [main] DEBUG org.apache.poi.openxml4j.opc.PackageRelationshipCollection - Parsing relationship: /xl/worksheets/_rels/sheet1.xml.rels
13:53:2455.797 [main] DEBUG org.apache.poi.openxml4j.opc.PackageRelationshipCollection - Parsing relationship: /_rels/.rels
13:53:2455.818 [main] DEBUG org.apache.poi.openxml4j.opc.PackageRelationshipCollection - Parsing relationship: /xl/_rels/workbook.xml.rels
13:53:2455.819 [main] DEBUG org.apache.poi.openxml4j.opc.PackageRelationshipCollection - Parsing relationship: /xl/worksheets/_rels/sheet1.xml.rels
13:53:2455.820 [main] DEBUG org.apache.poi.openxml4j.opc.PackageRelationshipCollection - Parsing relationship: /_rels/.rels
13:53:2455.839 [main] DEBUG org.apache.poi.openxml4j.opc.PackageRelationshipCollection - Parsing relationship: /xl/_rels/workbook.xml.rels
13:53:2455.840 [main] DEBUG org.apache.poi.openxml4j.opc.PackageRelationshipCollection - Parsing relationship: /xl/worksheets/_rels/sheet1.xml.rels
13:53:2455.840 [main] DEBUG org.apache.poi.openxml4j.opc.PackageRelationshipCollection - Parsing relationship: /_rels/.rels
13:53:2455.858 [main] DEBUG org.apache.poi.openxml4j.opc.PackageRelationshipCollection - Parsing relationship: /xl/_rels/workbook.xml.rels
13:53:2455.858 [main] DEBUG org.apache.poi.openxml4j.opc.PackageRelationshipCollection - Parsing relationship: /xl/worksheets/_rels/sheet1.xml.rels
13:53:2455.859 [main] DEBUG org.apache.poi.openxml4j.opc.PackageRelationshipCollection - Parsing relationship: /_rels/.rels
13:53:2455.885 [main] DEBUG org.apache.poi.openxml4j.opc.PackageRelationshipCollection - Parsing relationship: /xl/_rels/workbook.xml.rels
13:53:2455.885 [main] DEBUG org.apache.poi.openxml4j.opc.PackageRelationshipCollection - Parsing relationship: /xl/worksheets/_rels/sheet1.xml.rels
13:53:2455.886 [main] DEBUG org.apache.poi.openxml4j.opc.PackageRelationshipCollection - Parsing relationship: /_rels/.rels
13:53:2455.903 [main] DEBUG org.apache.poi.openxml4j.opc.PackageRelationshipCollection - Parsing relationship: /xl/_rels/workbook.xml.rels
13:53:2455.904 [main] DEBUG org.apache.poi.openxml4j.opc.PackageRelationshipCollection - Parsing relationship: /xl/worksheets/_rels/sheet1.xml.rels
13:53:2455.905 [main] DEBUG org.apache.poi.openxml4j.opc.PackageRelationshipCollection - Parsing relationship: /_rels/.rels
13:53:2455.918 [main] DEBUG org.apache.poi.openxml4j.opc.PackageRelationshipCollection - Parsing relationship: /xl/_rels/workbook.xml.rels
13:53:2455.919 [main] DEBUG org.apache.poi.openxml4j.opc.PackageRelationshipCollection - Parsing relationship: /xl/worksheets/_rels/sheet1.xml.rels
13:53:2455.920 [main] DEBUG org.apache.poi.openxml4j.opc.PackageRelationshipCollection - Parsing relationship: /_rels/.rels
13:53:2455.938 [main] DEBUG org.apache.poi.openxml4j.opc.PackageRelationshipCollection - Parsing relationship: /xl/_rels/workbook.xml.rels
13:53:2455.939 [main] DEBUG org.apache.poi.openxml4j.opc.PackageRelationshipCollection - Parsing relationship: /xl/worksheets/_rels/sheet1.xml.rels
13:53:2455.939 [main] DEBUG org.apache.poi.openxml4j.opc.PackageRelationshipCollection - Parsing relationship: /_rels/.rels
13:53:2455.953 [main] DEBUG org.apache.poi.openxml4j.opc.PackageRelationshipCollection - Parsing relationship: /xl/_rels/workbook.xml.rels
13:53:2455.954 [main] DEBUG org.apache.poi.openxml4j.opc.PackageRelationshipCollection - Parsing relationship: /xl/worksheets/_rels/sheet1.xml.rels
13:53:2455.954 [main] DEBUG org.apache.poi.openxml4j.opc.PackageRelationshipCollection - Parsing relationship: /_rels/.rels
13:53:2455.971 [main] DEBUG org.apache.poi.openxml4j.opc.PackageRelationshipCollection - Parsing relationship: /xl/_rels/workbook.xml.rels
13:53:2455.971 [main] DEBUG org.apache.poi.openxml4j.opc.PackageRelationshipCollection - Parsing relationship: /xl/worksheets/_rels/sheet1.xml.rels
13:53:2455.972 [main] DEBUG org.apache.poi.openxml4j.opc.PackageRelationshipCollection - Parsing relationship: /_rels/.rels
13:53:2459.652 [main] DEBUG org.apache.poi.openxml4j.opc.PackageRelationshipCollection - Parsing relationship: /xl/_rels/workbook.xml.rels
13:53:2459.653 [main] DEBUG org.apache.poi.openxml4j.opc.PackageRelationshipCollection - Parsing relationship: /xl/worksheets/_rels/sheet1.xml.rels
13:53:2459.654 [main] DEBUG org.apache.poi.openxml4j.opc.PackageRelationshipCollection - Parsing relationship: /_rels/.rels
13:53:2459.672 [main] DEBUG org.apache.poi.openxml4j.opc.PackageRelationshipCollection - Parsing relationship: /xl/_rels/workbook.xml.rels
13:53:2459.672 [main] DEBUG org.apache.poi.openxml4j.opc.PackageRelationshipCollection - Parsing relationship: /xl/worksheets/_rels/sheet1.xml.rels
13:53:2459.673 [main] DEBUG org.apache.poi.openxml4j.opc.PackageRelationshipCollection - Parsing relationship: /_rels/.rels
13:53:2459.701 [main] DEBUG org.apache.poi.openxml4j.opc.PackageRelationshipCollection - Parsing relationship: /xl/_rels/workbook.xml.rels
13:53:2459.702 [main] DEBUG org.apache.poi.openxml4j.opc.PackageRelationshipCollection - Parsing relationship: /xl/worksheets/_rels/sheet1.xml.rels
13:53:2459.702 [main] DEBUG org.apache.poi.openxml4j.opc.PackageRelationshipCollection - Parsing relationship: /_rels/.rels
14:10:2422.717 [main] DEBUG api.test.Usertests2 - debugging..........
14:10:2422.727 [main] INFO  api.test.Usertests2 - ************ Creating user***********
14:10:2425.378 [main] INFO  api.test.Usertests2 - **************user is created**********
14:10:2425.390 [main] INFO  api.test.Usertests2 - ************ Reading user Info ***********
14:10:2426.581 [main] INFO  api.test.Usertests2 - ************ user info is displayed ***********
14:10:2426.583 [main] INFO  api.test.Usertests2 - ************ Updating the user***********
14:10:2427.774 [main] INFO  api.test.Usertests2 - ************ user  updated ***********
14:10:2428.949 [main] INFO  api.test.Usertests2 - ************Deleting user***********
14:10:2430.095 [main] INFO  api.test.Usertests2 - ************ user deleted***********
15:11:2437.858 [main] DEBUG api.test.Usertests2 - debugging..........
15:11:2437.876 [main] INFO  api.test.Usertests2 - ************ Creating user***********
15:11:2442.611 [main] INFO  api.test.Usertests2 - **************user is created**********
15:11:2442.630 [main] INFO  api.test.Usertests2 - ************ Reading user Info ***********
15:11:2444.132 [main] INFO  api.test.Usertests2 - ************ user info is displayed ***********
15:11:2444.153 [main] INFO  api.test.Usertests2 - ************ Updating the user***********
15:11:2445.671 [main] INFO  api.test.Usertests2 - ************ user  updated ***********
15:11:2447.003 [main] INFO  api.test.Usertests2 - ************Deleting user***********
15:11:2448.462 [main] INFO  api.test.Usertests2 - ************ user deleted***********
09:55:2545.469 [main] DEBUG api.test.Usertests2 - debugging..........
09:55:2545.480 [main] INFO  api.test.Usertests2 - ************ Creating user***********
09:55:2548.024 [main] INFO  api.test.Usertests2 - **************user is created**********
09:55:2548.033 [main] INFO  api.test.Usertests2 - ************ Reading user Info ***********
09:55:2549.208 [main] INFO  api.test.Usertests2 - ************ user info is displayed ***********
09:55:2549.210 [main] INFO  api.test.Usertests2 - ************ Updating the user***********
09:55:2550.378 [main] INFO  api.test.Usertests2 - ************ user  updated ***********
09:55:2551.541 [main] INFO  api.test.Usertests2 - ************Deleting user***********
09:55:2552.655 [main] INFO  api.test.Usertests2 - ************ user deleted***********
12:29:2557.803 [main] DEBUG api.test.Usertests2 - debugging..........
12:29:2557.810 [main] INFO  api.test.Usertests2 - ************ Creating user***********
12:30:2500.256 [main] INFO  api.test.Usertests2 - **************user is created**********
12:30:2500.268 [main] INFO  api.test.Usertests2 - ************ Reading user Info ***********
12:30:2501.444 [main] INFO  api.test.Usertests2 - ************ user info is displayed ***********
12:30:2501.446 [main] INFO  api.test.Usertests2 - ************ Updating the user***********
12:30:2502.771 [main] INFO  api.test.Usertests2 - ************ user  updated ***********
12:30:2504.092 [main] INFO  api.test.Usertests2 - ************Deleting user***********
12:30:2505.313 [main] INFO  api.test.Usertests2 - ************ user deleted***********
